Started GET "/" for 127.0.0.1 at 2017-02-17 14:59:29 -0600
Processing by Rails::WelcomeController#index as HTML
  Parameters: {"internal"=>true}
  Rendering /Users/mspurlin/.rvm/gems/ruby-2.3.1/gems/railties-5.0.1/lib/rails/templates/rails/welcome/index.html.erb
  Rendered /Users/mspurlin/.rvm/gems/ruby-2.3.1/gems/railties-5.0.1/lib/rails/templates/rails/welcome/index.html.erb (4.1ms)
Completed 200 OK in 21ms (Views: 10.1ms | ActiveRecord: 0.0ms)


  [1m[35m (0.9ms)[0m  [1m[35mCREATE TABLE "schema_migrations" ("version" varchar NOT NULL PRIMARY KEY)[0m
  [1m[35m (0.8ms)[0m  [1m[35mCREATE TABLE "ar_internal_metadata" ("key" varchar NOT NULL PRIMARY KEY, "value" varchar, "created_at" datetime NOT NULL, "updated_at" datetime NOT NULL)[0m
  [1m[36mActiveRecord::SchemaMigration Load (0.2ms)[0m  [1m[34mSELECT "schema_migrations".* FROM "schema_migrations"[0m
Migrating to CreateTodos (20170217210558)
  [1m[35m (0.1ms)[0m  [1m[36mbegin transaction[0m
  [1m[35m (0.4ms)[0m  [1m[35mCREATE TABLE "todos" ("id" INTEGER PRIMARY KEY AUTOINCREMENT NOT NULL, "title" varchar, "notes" text, "created_at" datetime NOT NULL, "updated_at" datetime NOT NULL)[0m
  [1m[35mSQL (0.2ms)[0m  [1m[32mINSERT INTO "schema_migrations" ("version") VALUES (?)[0m  [["version", "20170217210558"]]
  [1m[35m (0.5ms)[0m  [1m[36mcommit transaction[0m
  [1m[36mActiveRecord::InternalMetadata Load (0.1ms)[0m  [1m[34mSELECT  "ar_internal_metadata".* FROM "ar_internal_metadata" WHERE "ar_internal_metadata"."key" = ? LIMIT ?[0m  [["key", :environment], ["LIMIT", 1]]
  [1m[35m (0.0ms)[0m  [1m[36mbegin transaction[0m
  [1m[35mSQL (0.2ms)[0m  [1m[32mINSERT INTO "ar_internal_metadata" ("key", "value", "created_at", "updated_at") VALUES (?, ?, ?, ?)[0m  [["key", "environment"], ["value", "development"], ["created_at", 2017-02-17 21:06:30 UTC], ["updated_at", 2017-02-17 21:06:30 UTC]]
  [1m[35m (0.4ms)[0m  [1m[36mcommit transaction[0m
  [1m[36mActiveRecord::SchemaMigration Load (0.1ms)[0m  [1m[34mSELECT "schema_migrations".* FROM "schema_migrations"[0m
  [1m[36mActiveRecord::SchemaMigration Load (0.1ms)[0m  [1m[34mSELECT "schema_migrations".* FROM "schema_migrations"[0m
  [1m[35m (0.1ms)[0m  [1m[36mbegin transaction[0m
  [1m[35mSQL (0.4ms)[0m  [1m[32mINSERT INTO "todos" ("title", "notes", "created_at", "updated_at") VALUES (?, ?, ?, ?)[0m  [["title", "grocery shopping"], ["notes", "pickles, eggs, red onion"], ["created_at", 2017-02-17 21:06:45 UTC], ["updated_at", 2017-02-17 21:06:45 UTC]]
  [1m[35m (0.5ms)[0m  [1m[36mcommit transaction[0m
  [1m[35m (0.0ms)[0m  [1m[36mbegin transaction[0m
  [1m[35mSQL (0.3ms)[0m  [1m[32mINSERT INTO "todos" ("title", "created_at", "updated_at") VALUES (?, ?, ?)[0m  [["title", "wash the car"], ["created_at", 2017-02-17 21:06:45 UTC], ["updated_at", 2017-02-17 21:06:45 UTC]]
  [1m[35m (0.5ms)[0m  [1m[36mcommit transaction[0m
  [1m[35m (0.0ms)[0m  [1m[36mbegin transaction[0m
  [1m[35mSQL (0.3ms)[0m  [1m[32mINSERT INTO "todos" ("title", "notes", "created_at", "updated_at") VALUES (?, ?, ?, ?)[0m  [["title", "register kids for school"], ["notes", "Register Kira for Ruby Junior High and Caleb for Rails High School"], ["created_at", 2017-02-17 21:06:45 UTC], ["updated_at", 2017-02-17 21:06:45 UTC]]
  [1m[35m (0.5ms)[0m  [1m[36mcommit transaction[0m
  [1m[35m (0.0ms)[0m  [1m[36mbegin transaction[0m
  [1m[35mSQL (0.3ms)[0m  [1m[32mINSERT INTO "todos" ("title", "notes", "created_at", "updated_at") VALUES (?, ?, ?, ?)[0m  [["title", "check engine light"], ["notes", "The check engine light is on in the Tacoma"], ["created_at", 2017-02-17 21:06:45 UTC], ["updated_at", 2017-02-17 21:06:45 UTC]]
  [1m[35m (0.5ms)[0m  [1m[36mcommit transaction[0m
  [1m[35m (0.0ms)[0m  [1m[36mbegin transaction[0m
  [1m[35mSQL (0.2ms)[0m  [1m[32mINSERT INTO "todos" ("title", "notes", "created_at", "updated_at") VALUES (?, ?, ?, ?)[0m  [["title", "dog groomers"], ["notes", "Take Pinky and Redford to the groomers on Wednesday the 23rd"], ["created_at", 2017-02-17 21:06:45 UTC], ["updated_at", 2017-02-17 21:06:45 UTC]]
  [1m[35m (0.4ms)[0m  [1m[36mcommit transaction[0m
Started GET "/" for 127.0.0.1 at 2017-02-17 15:07:09 -0600
  [1m[36mActiveRecord::SchemaMigration Load (0.1ms)[0m  [1m[34mSELECT "schema_migrations".* FROM "schema_migrations"[0m
Processing by Rails::WelcomeController#index as HTML
  Parameters: {"internal"=>true}
  Rendering /Users/mspurlin/.rvm/gems/ruby-2.3.1/gems/railties-5.0.1/lib/rails/templates/rails/welcome/index.html.erb
  Rendered /Users/mspurlin/.rvm/gems/ruby-2.3.1/gems/railties-5.0.1/lib/rails/templates/rails/welcome/index.html.erb (4.6ms)
Completed 200 OK in 21ms (Views: 10.1ms | ActiveRecord: 0.0ms)


Started GET "/" for 127.0.0.1 at 2017-02-17 15:08:23 -0600
  [1m[36mActiveRecord::SchemaMigration Load (0.2ms)[0m  [1m[34mSELECT "schema_migrations".* FROM "schema_migrations"[0m
Processing by TodosController#index as HTML
  Rendering todos/index.html.erb within layouts/application
  [1m[36mTodo Load (0.2ms)[0m  [1m[34mSELECT "todos".* FROM "todos"[0m
  Rendered todos/index.html.erb within layouts/application (13.4ms)
Completed 200 OK in 3419ms (Views: 3405.2ms | ActiveRecord: 0.8ms)


Started GET "/todos/new" for 127.0.0.1 at 2017-02-17 15:08:30 -0600
Processing by TodosController#new as HTML
  Rendering todos/new.html.erb within layouts/application
  Rendered todos/_form.html.erb (16.2ms)
  Rendered todos/new.html.erb within layouts/application (18.3ms)
Completed 200 OK in 61ms (Views: 57.0ms | ActiveRecord: 0.0ms)


Started GET "/todos/1" for 127.0.0.1 at 2017-02-17 15:08:34 -0600
Processing by TodosController#show as HTML
  Parameters: {"id"=>"1"}
  [1m[36mTodo Load (0.2ms)[0m  [1m[34mSELECT  "todos".* FROM "todos" WHERE "todos"."id" = ? LIMIT ?[0m  [["id", 1], ["LIMIT", 1]]
  Rendering todos/show.html.erb within layouts/application
  Rendered todos/show.html.erb within layouts/application (1.2ms)
Completed 200 OK in 74ms (Views: 64.0ms | ActiveRecord: 0.2ms)


Started GET "/todos/1/edit" for 127.0.0.1 at 2017-02-17 15:08:35 -0600
Processing by TodosController#edit as HTML
  Parameters: {"id"=>"1"}
  [1m[36mTodo Load (0.2ms)[0m  [1m[34mSELECT  "todos".* FROM "todos" WHERE "todos"."id" = ? LIMIT ?[0m  [["id", 1], ["LIMIT", 1]]
  Rendering todos/edit.html.erb within layouts/application
  Rendered todos/_form.html.erb (3.1ms)
  Rendered todos/edit.html.erb within layouts/application (5.7ms)
Completed 200 OK in 58ms (Views: 55.5ms | ActiveRecord: 0.2ms)


